<?xml version="1.0" encoding="UTF-8"?>
<!-- Generated by org.testng.reporters.JUnitReportReporter -->
<testsuite hostname="LAPTOP-3UV6SH1O" failures="0" tests="1" name="org.crm.Products.TestBrowser" time="6.488" errors="0" timestamp="2022-10-11T10:43:34 IST" skipped="0">
  <testcase classname="org.crm.Products.TestBrowser" name="browserTest" time="6.488"/>
  <system-out/>
</testsuite> <!-- org.crm.Products.TestBrowser -->
