<?xml version="1.0" encoding="UTF-8"?>
<!-- Generated by org.testng.reporters.JUnitReportReporter -->
<testsuite hostname="LAPTOP-3UV6SH1O" failures="0" tests="1" name="org.crm.Products.CreateProductTest" time="15.608" errors="0" timestamp="2022-10-06T15:30:08 IST" skipped="0">
  <testcase classname="org.crm.Products.CreateProductTest" name="createProductTest" time="15.608"/>
  <system-out/>
</testsuite> <!-- org.crm.Products.CreateProductTest -->
