<?xml version="1.0" encoding="UTF-8"?>
<!-- Generated by org.testng.reporters.JUnitReportReporter -->
<testsuite hostname="LAPTOP-3UV6SH1O" failures="0" tests="1" name="org.crm.Campaigns.CreateCampaignTest" time="23.109" errors="0" timestamp="2022-10-06T15:30:08 IST" skipped="0">
  <testcase classname="org.crm.Campaigns.CreateCampaignTest" name="createCampaignTest" time="23.109"/>
  <system-out/>
</testsuite> <!-- org.crm.Campaigns.CreateCampaignTest -->
