<?xml version="1.0" encoding="UTF-8"?>
<!-- Generated by org.testng.reporters.JUnitReportReporter -->
<testsuite hostname="LAPTOP-3UV6SH1O" failures="0" tests="2" name="practice.HardAssertTest" time="0.127" errors="0" timestamp="2022-10-07T11:08:05 IST" skipped="0">
  <testcase classname="practice.HardAssertTest" name="createCustomerTest" time="0.125"/>
  <system-out/>
  <testcase classname="practice.HardAssertTest" name="modifyCustomerTest" time="0.002"/>
  <system-out/>
</testsuite> <!-- practice.HardAssertTest -->
