<?xml version="1.0" encoding="UTF-8"?>
<!-- Generated by org.testng.reporters.JUnitReportReporter -->
<testsuite hostname="LAPTOP-3UV6SH1O" failures="0" tests="1" name="org.crm.Campaigns.CreateProductWithCampaignTest" time="87.077" errors="0" timestamp="2022-10-06T15:08:22 IST" skipped="0">
  <testcase classname="org.crm.Campaigns.CreateProductWithCampaignTest" name="createProductWithCampaignTest" time="87.077"/>
  <system-out/>
</testsuite> <!-- org.crm.Campaigns.CreateProductWithCampaignTest -->
