<?xml version="1.0" encoding="UTF-8"?>
<!-- Generated by org.testng.reporters.JUnitReportReporter -->
<testsuite hostname="LAPTOP-3UV6SH1O" failures="0" tests="1" name="org.crm.Organization.CreateOrganization" time="19.299" errors="0" timestamp="2022-10-06T10:53:39 IST" skipped="0">
  <testcase classname="org.crm.Organization.CreateOrganization" name="createOrganizationTest" time="19.299"/>
  <system-out/>
</testsuite> <!-- org.crm.Organization.CreateOrganization -->
